  ConsoleApplication1.cpp
C:\Users\Nikita\Desktop\Samsung\GitHub\Visual\Visual\ConsoleApplication1\ConsoleApplication1\ConsoleApplication1.cpp(14,11): warning C4018: <: несоответствие типов со знаком и без знака
C:\Users\Nikita\Desktop\Samsung\GitHub\Visual\Visual\ConsoleApplication1\ConsoleApplication1\ConsoleApplication1.cpp(165,20): warning C4018: <: несоответствие типов со знаком и без знака
C:\Users\Nikita\Desktop\Samsung\GitHub\Visual\Visual\ConsoleApplication1\ConsoleApplication1\ConsoleApplication1.cpp(210,6): warning C4101: zam: неиспользованная локальная переменная
C:\Users\Nikita\Desktop\Samsung\GitHub\Visual\Visual\ConsoleApplication1\ConsoleApplication1\ConsoleApplication1.cpp(234,11): warning C4018: <: несоответствие типов со знаком и без знака
C:\Users\Nikita\Desktop\Samsung\GitHub\Visual\Visual\ConsoleApplication1\ConsoleApplication1\ConsoleApplication1.cpp(235,28): warning C4804: <=: небезопасное использование типа "bool" в операции
C:\Users\Nikita\Desktop\Samsung\GitHub\Visual\Visual\ConsoleApplication1\ConsoleApplication1\ConsoleApplication1.cpp(238,14): warning C4018: <: несоответствие типов со знаком и без знака
C:\Users\Nikita\Desktop\Samsung\GitHub\Visual\Visual\ConsoleApplication1\ConsoleApplication1\ConsoleApplication1.cpp(240,15): warning C4018: <: несоответствие типов со знаком и без знака
C:\Users\Nikita\Desktop\Samsung\GitHub\Visual\Visual\ConsoleApplication1\ConsoleApplication1\ConsoleApplication1.cpp(241,9): warning C4804: <=: небезопасное использование типа "bool" в операции
C:\Users\Nikita\Desktop\Samsung\GitHub\Visual\Visual\ConsoleApplication1\ConsoleApplication1\ConsoleApplication1.cpp(280,18): warning C4805: !=: небезопасное смешение типа "boolean" и типа "bool" в операции
C:\Users\Nikita\Desktop\Samsung\GitHub\Visual\Visual\ConsoleApplication1\ConsoleApplication1\ConsoleApplication1.cpp(349,7): warning C4101: rc: неиспользованная локальная переменная
C:\Users\Nikita\Desktop\Samsung\GitHub\Visual\Visual\ConsoleApplication1\ConsoleApplication1\ConsoleApplication1.cpp(462,24): warning C4244: аргумент: преобразование "double" в "int", возможна потеря данных
C:\Users\Nikita\Desktop\Samsung\GitHub\Visual\Visual\ConsoleApplication1\ConsoleApplication1\ConsoleApplication1.cpp(462,16): warning C4244: аргумент: преобразование "double" в "int", возможна потеря данных
C:\Users\Nikita\Desktop\Samsung\GitHub\Visual\Visual\ConsoleApplication1\ConsoleApplication1\ConsoleApplication1.cpp(453,6): warning C4101: x: неиспользованная локальная переменная
C:\Users\Nikita\Desktop\Samsung\GitHub\Visual\Visual\ConsoleApplication1\ConsoleApplication1\ConsoleApplication1.cpp(490,20): warning C4018: <: несоответствие типов со знаком и без знака
C:\Users\Nikita\Desktop\Samsung\GitHub\Visual\Visual\ConsoleApplication1\ConsoleApplication1\ConsoleApplication1.cpp(497,20): warning C4018: <: несоответствие типов со знаком и без знака
C:\Users\Nikita\Desktop\Samsung\GitHub\Visual\Visual\ConsoleApplication1\ConsoleApplication1\ConsoleApplication1.cpp(505,75): warning C4101: i: неиспользованная локальная переменная
C:\Users\Nikita\Desktop\Samsung\GitHub\Visual\Visual\ConsoleApplication1\ConsoleApplication1\ConsoleApplication1.cpp(546,21): warning C4018: <: несоответствие типов со знаком и без знака
C:\Users\Nikita\Desktop\Samsung\GitHub\Visual\Visual\ConsoleApplication1\ConsoleApplication1\ConsoleApplication1.cpp(551,23): warning C4805: ==: небезопасное смешение типа "boolean" и типа "bool" в операции
C:\Users\Nikita\Desktop\Samsung\GitHub\Visual\Visual\ConsoleApplication1\ConsoleApplication1\ConsoleApplication1.cpp(533,11): warning C4101: b: неиспользованная локальная переменная
  ConsoleApplication1.vcxproj -> C:\Users\Nikita\Desktop\Samsung\GitHub\Visual\Visual\ConsoleApplication1\Debug\ConsoleApplication1.exe
